生成启动时间为 2018/8/27 20:54:37。
     1>项目“D:\c++code\活体检测\SSLivenessDetection\SSLivenessDetection\SSLivenessDetection.vcxproj”在节点 2 上(Rebuild 个目标)。
     1>C:\Program Files (x86)\MSBuild\Microsoft.Cpp\v4.0\V120\Microsoft.CppBuild.targets(357,5): warning MSB8004: Output Directory does not end with a trailing slash.  This build instance will add the slash as it is required to allow proper evaluation of the Output Directory.
     1>ClCompile:
         D:\360Downloads\VC\bin\CL.exe /c /ID:\OpenCV\Opencv2.4.9\build\include /ID:\OpenCV\Opencv2.4.9\build\include\opencv /ID:\OpenCV\Opencv2.4.9\build\include\opencv2 /Zi /nologo /W3 /WX- /sdl /O2 /Oi /Oy- /GL /D WIN32 /D NDEBUG /D _WINDOWS /D _USRDLL /D SSLIVENESSDETECTION_EXPORTS /D _WINDLL /D _UNICODE /D UNICODE /Gm- /EHsc /MD /GS /Gy /fp:precise /Zc:wchar_t /Zc:forScope /Yc"stdafx.h" /Fp"Release\SSLivenessDetection.pch" /Fo"Release\\" /Fd"Release\vc120.pdb" /Gd /TP /analyze- /errorReport:prompt stdafx.cpp
         stdafx.cpp
         D:\360Downloads\VC\bin\CL.exe /c /ID:\OpenCV\Opencv2.4.9\build\include /ID:\OpenCV\Opencv2.4.9\build\include\opencv /ID:\OpenCV\Opencv2.4.9\build\include\opencv2 /Zi /nologo /W3 /WX- /sdl /O2 /Oi /Oy- /GL /D WIN32 /D NDEBUG /D _WINDOWS /D _USRDLL /D SSLIVENESSDETECTION_EXPORTS /D _WINDLL /D _UNICODE /D UNICODE /Gm- /EHsc /MD /GS /Gy /fp:precise /Zc:wchar_t /Zc:forScope /Fo"Release\\" /Fd"Release\vc120.pdb" /Gd /TP /analyze- /errorReport:prompt dllmain.cpp
         dllmain.cpp
         D:\360Downloads\VC\bin\CL.exe /c /ID:\OpenCV\Opencv2.4.9\build\include /ID:\OpenCV\Opencv2.4.9\build\include\opencv /ID:\OpenCV\Opencv2.4.9\build\include\opencv2 /Zi /nologo /W3 /WX- /sdl /O2 /Oi /Oy- /GL /D WIN32 /D NDEBUG /D _WINDOWS /D _USRDLL /D SSLIVENESSDETECTION_EXPORTS /D _WINDLL /D _UNICODE /D UNICODE /Gm- /EHsc /MD /GS /Gy /fp:precise /Zc:wchar_t /Zc:forScope /Yu"stdafx.h" /Fp"Release\SSLivenessDetection.pch" /Fo"Release\\" /Fd"Release\vc120.pdb" /Gd /TP /analyze- /errorReport:prompt flow.cpp Liveness.cpp SSLivenessDetection.cpp
         flow.cpp
         Liveness.cpp
     1>Liveness.cpp(93): warning C4244: “初始化”: 从“double”转换到“int”，可能丢失数据
     1>Liveness.cpp(94): warning C4244: “初始化”: 从“double”转换到“int”，可能丢失数据
     1>Liveness.cpp(95): warning C4244: “初始化”: 从“double”转换到“int”，可能丢失数据
     1>Liveness.cpp(98): warning C4244: “初始化”: 从“double”转换到“int”，可能丢失数据
     1>Liveness.cpp(99): warning C4244: “初始化”: 从“double”转换到“int”，可能丢失数据
     1>Liveness.cpp(100): warning C4244: “初始化”: 从“double”转换到“int”，可能丢失数据
         SSLivenessDetection.cpp
     1>d:\c++code\活体检测\sslivenessdetection\sslivenessdetection\SSLivenessDetection.h(28): warning C4091: “typedef ”: 没有声明变量时忽略“SSLDFaceRect”的左侧
       Link:
         D:\360Downloads\VC\bin\link.exe /ERRORREPORT:PROMPT /OUT:"..\..\SSFaceLivenessDetection\Release\SSLivenessDetection.dll" /INCREMENTAL:NO /NOLOGO /LIBPATH:D:\OpenCV\Opencv2.4.9\build\x86\vc12\lib opencv_core249.lib opencv_highgui249.lib opencv_imgproc249.lib opencv_video249.lib opencv_objdetect249.lib opencv_ts249.lib opencv_nonfree249.lib opencv_ocl249.lib opencv_photo249.lib opencv_stitching249.lib opencv_superres249.lib opencv_videostab249.lib opencv_calib3d249.lib opencv_contrib249.lib opencv_features2d249.lib opencv_flann249.lib opencv_gpu249.lib opencv_legacy249.lib opencv_ml249.lib kernel32.lib user32.lib gdi32.lib winspool.lib comdlg32.lib advapi32.lib shell32.lib ole32.lib oleaut32.lib uuid.lib odbc32.lib odbccp32.lib /DEF:"SSLivenessDetection.def" /MANIFEST /MANIFESTUAC:"level='asInvoker' uiAccess='false'" /manifest:embed /DEBUG /PDB:"..\..\SSFaceLivenessDetection\Release\SSLivenessDetection.pdb" /SUBSYSTEM:WINDOWS /OPT:REF /OPT:ICF /LTCG /TLBID:1 /DYNAMICBASE /NXCOMPAT /IMPLIB:"..\..\SSFaceLivenessDetection\Release\SSLivenessDetection.lib" /MACHINE:X86 /SAFESEH /DLL Release\dllmain.obj
         Release\flow.obj
         Release\Liveness.obj
         Release\SSLivenessDetection.obj
         Release\stdafx.obj
            正在创建库 ..\..\SSFaceLivenessDetection\Release\SSLivenessDetection.lib 和对象 ..\..\SSFaceLivenessDetection\Release\SSLivenessDetection.exp
         正在生成代码
         已完成代码的生成
         SSLivenessDetection.vcxproj -> D:\c++code\活体检测\SSLivenessDetection\SSLivenessDetection\..\..\SSFaceLivenessDetection\Release\SSLivenessDetection.dll
     1>已完成生成项目“D:\c++code\活体检测\SSLivenessDetection\SSLivenessDetection\SSLivenessDetection.vcxproj”(Rebuild 个目标)的操作。

生成成功。

已用时间 00:00:10.14
