d:\工作项目\2017-02-20活体检测\sslivenessdetection\sslivenessdetection\release\sslivenessdetection.pch
d:\工作项目\2017-02-20活体检测\sslivenessdetection\sslivenessdetection\release\vc120.pdb
d:\工作项目\2017-02-20活体检测\sslivenessdetection\sslivenessdetection\release\stdafx.obj
d:\工作项目\2017-02-20活体检测\sslivenessdetection\sslivenessdetection\release\dllmain.obj
d:\工作项目\2017-02-20活体检测\sslivenessdetection\sslivenessdetection\release\sslivenessdetection.obj
d:\工作项目\2017-02-20活体检测\sslivenessdetection\sslivenessdetection\release\liveness.obj
d:\工作项目\2017-02-20活体检测\sslivenessdetection\sslivenessdetection\release\flow.obj
d:\工作项目\2017-02-20活体检测\ssfacelivenessdetection\release\sslivenessdetection.dll
d:\工作项目\2017-02-20活体检测\ssfacelivenessdetection\release\sslivenessdetection.pdb
d:\工作项目\2017-02-20活体检测\ssfacelivenessdetection\release\sslivenessdetection.lib
d:\工作项目\2017-02-20活体检测\ssfacelivenessdetection\release\sslivenessdetection.exp
d:\c++code\活体检测\sslivenessdetection\sslivenessdetection\release\dllmain.obj
d:\c++code\活体检测\sslivenessdetection\sslivenessdetection\release\flow.obj
d:\c++code\活体检测\sslivenessdetection\sslivenessdetection\release\liveness.obj
d:\c++code\活体检测\sslivenessdetection\sslivenessdetection\release\sslivenessdetection.obj
d:\c++code\活体检测\sslivenessdetection\sslivenessdetection\release\stdafx.obj
d:\c++code\活体检测\sslivenessdetection\sslivenessdetection\release\sslivenessdetection.pch
d:\c++code\活体检测\sslivenessdetection\sslivenessdetection\release\vc120.pdb
d:\c++code\活体检测\sslivenessdetection\sslivenessdetection\release\sslivene.9f8ea10c.tlog\cl.command.1.tlog
d:\c++code\活体检测\sslivenessdetection\sslivenessdetection\release\sslivene.9f8ea10c.tlog\cl.read.1.tlog
d:\c++code\活体检测\sslivenessdetection\sslivenessdetection\release\sslivene.9f8ea10c.tlog\cl.write.1.tlog
d:\c++code\活体检测\sslivenessdetection\sslivenessdetection\release\sslivene.9f8ea10c.tlog\link.command.1.tlog
d:\c++code\活体检测\sslivenessdetection\sslivenessdetection\release\sslivene.9f8ea10c.tlog\link.read.1.tlog
d:\c++code\活体检测\sslivenessdetection\sslivenessdetection\release\sslivene.9f8ea10c.tlog\link.write.1.tlog
d:\c++code\活体检测\sslivenessdetection\sslivenessdetection\release\sslivene.9f8ea10c.tlog\sslivenessdetection.write.1u.tlog
